SF:lib\application\providers\collection_provider.dart
DA:16,0
DA:17,0
DA:20,15
DA:21,4
DA:25,19
DA:28,8
DA:29,4
DA:36,10
DA:37,5
DA:40,5
DA:41,10
DA:42,1
DA:45,0
DA:46,0
DA:47,0
DA:50,2
DA:51,2
DA:52,4
DA:57,0
DA:58,0
DA:59,0
LF:21
LH:13
end_of_record
SF:lib\application\providers\theme_provider.dart
DA:18,2
DA:19,2
DA:20,6
DA:21,2
DA:25,0
DA:26,0
DA:27,0
DA:28,0
DA:32,0
DA:34,0
DA:35,0
DA:40,6
DA:41,2
DA:44,2
DA:49,0
DA:50,0
DA:51,0
DA:55,0
DA:56,0
DA:57,0
LF:20
LH:7
end_of_record
SF:lib\core\services\collection_id_storage.dart
DA:8,2
DA:9,4
DA:10,2
DA:13,1
DA:14,2
DA:15,1
LF:6
LH:6
end_of_record
SF:lib\application\controllers\collection_load_controller.dart
DA:14,0
DA:19,0
DA:20,0
DA:21,0
DA:23,0
DA:24,0
DA:25,0
DA:27,0
DA:28,0
DA:29,0
DA:32,0
DA:33,0
DA:34,0
DA:37,0
DA:38,0
DA:39,0
DA:42,0
DA:43,0
DA:44,0
DA:47,0
LF:20
LH:0
end_of_record
SF:lib\core\placeholders\placeholder_content.dart
DA:16,0
DA:17,0
DA:50,0
DA:53,0
DA:54,0
DA:55,0
DA:57,0
DA:63,0
DA:68,0
DA:70,0
DA:78,0
LF:11
LH:0
end_of_record
SF:lib\domain\models\host_model.dart
DA:31,2
DA:33,0
DA:34,0
DA:38,0
DA:39,0
DA:40,0
DA:41,0
DA:42,0
DA:46,0
LF:9
LH:1
end_of_record
SF:lib\domain\models\host_model.g.dart
DA:9,2
DA:10,2
DA:11,1
DA:12,1
DA:13,2
DA:14,2
DA:15,2
DA:16,1
DA:17,1
DA:18,2
DA:19,1
DA:20,1
DA:21,1
DA:22,1
DA:24,2
DA:27,0
DA:28,0
DA:29,0
DA:30,0
DA:31,0
DA:32,0
DA:33,0
DA:34,0
DA:35,0
DA:36,0
DA:37,0
DA:38,0
DA:39,0
DA:40,0
LF:29
LH:15
end_of_record
SF:lib\config\app_theme_mapper.dart
DA:8,0
DA:9,0
DA:10,0
DA:11,0
DA:13,0
DA:17,0
DA:18,0
DA:20,0
DA:21,0
DA:27,0
DA:34,0
DA:35,0
DA:36,0
DA:39,0
DA:40,0
DA:41,0
DA:43,0
DA:50,0
DA:51,0
DA:52,0
DA:54,0
DA:61,0
DA:62,0
DA:63,0
DA:64,0
DA:65,0
DA:66,0
LF:27
LH:0
end_of_record
SF:lib\domain\models\branding_model.dart
DA:18,1
DA:19,1
DA:21,0
LF:3
LH:2
end_of_record
SF:lib\domain\models\branding_model.g.dart
DA:9,1
DA:10,1
DA:11,1
DA:12,1
DA:13,1
DA:14,1
DA:15,1
DA:18,0
DA:19,0
DA:20,0
DA:21,0
DA:22,0
DA:23,0
DA:24,0
LF:14
LH:7
end_of_record
SF:lib\config\tenant_branding_service.dart
DA:9,2
DA:12,0
DA:13,0
DA:14,0
DA:18,0
DA:19,0
DA:20,0
DA:24,0
DA:25,0
DA:26,0
DA:30,2
LF:11
LH:2
end_of_record
SF:lib\core\utils\tenant_asset_loader.dart
DA:8,0
DA:14,0
DA:15,0
DA:16,0
DA:20,0
DA:31,0
DA:33,0
DA:34,0
LF:8
LH:0
end_of_record
SF:lib\domain\models\host_content_model.dart
DA:18,1
DA:19,1
DA:21,1
LF:3
LH:3
end_of_record
SF:lib\domain\models\host_content_model.g.dart
DA:9,1
DA:10,1
DA:11,1
DA:12,1
DA:13,1
DA:14,1
DA:15,1
DA:16,1
DA:19,0
DA:20,0
DA:21,0
DA:22,0
DA:23,0
DA:24,0
LF:14
LH:8
end_of_record
SF:lib\domain\models\localization_config_model.dart
DA:14,1
DA:15,1
DA:17,1
LF:3
LH:3
end_of_record
SF:lib\domain\models\localization_config_model.g.dart
DA:9,1
DA:11,1
DA:12,1
DA:13,2
DA:14,0
DA:18,0
DA:20,0
DA:21,0
DA:22,0
LF:9
LH:4
end_of_record
SF:lib\domain\models\feature_flags_model.dart
DA:17,1
DA:18,1
DA:20,1
LF:3
LH:3
end_of_record
SF:lib\domain\models\feature_flags_model.g.dart
DA:9,1
DA:10,1
DA:11,1
DA:12,1
DA:13,1
DA:14,1
DA:17,0
DA:18,0
DA:19,0
DA:20,0
DA:21,0
DA:22,0
LF:12
LH:6
end_of_record
SF:lib\domain\models\contact_info_model.dart
DA:16,1
DA:17,1
DA:19,0
LF:3
LH:2
end_of_record
SF:lib\domain\models\contact_info_model.g.dart
DA:9,1
DA:10,1
DA:11,1
DA:12,1
DA:13,1
DA:14,1
DA:15,0
DA:19,0
DA:20,0
DA:21,0
DA:22,0
DA:23,0
DA:24,0
LF:13
LH:6
end_of_record
SF:lib\domain\models\podcast_collection_model.dart
DA:12,19
DA:20,2
DA:21,2
DA:23,1
DA:24,1
DA:25,6
DA:26,1
DA:30,0
DA:31,0
DA:33,0
DA:35,0
DA:40,0
DA:42,0
DA:44,0
DA:49,0
DA:52,0
DA:53,0
DA:54,0
DA:55,0
DA:57,0
DA:58,0
DA:60,0
DA:62,0
DA:63,0
DA:64,0
DA:66,0
DA:70,0
DA:71,0
DA:74,0
LF:29
LH:7
end_of_record
SF:lib\domain\models\podcast_collection_model.g.dart
DA:9,2
DA:11,2
DA:12,2
DA:13,6
DA:14,2
DA:15,2
DA:17,0
LF:7
LH:6
end_of_record
SF:lib\domain\models\podcast_model.dart
DA:21,2
DA:22,2
DA:24,0
DA:25,0
DA:26,0
DA:27,0
DA:28,0
DA:29,0
DA:30,0
DA:31,0
DA:32,0
DA:33,0
LF:12
LH:2
end_of_record
SF:lib\domain\models\podcast_model.g.dart
DA:9,2
DA:10,2
DA:11,2
DA:12,4
DA:13,2
DA:14,2
DA:15,2
DA:16,2
DA:17,2
DA:18,2
DA:19,4
DA:20,2
DA:24,1
DA:25,1
DA:26,1
DA:27,1
DA:28,1
DA:29,1
DA:30,1
DA:31,1
DA:32,1
DA:33,1
LF:22
LH:22
end_of_record
SF:lib\domain\models\podcast_episode_model.dart
DA:27,3
DA:28,3
DA:31,0
DA:32,0
DA:33,0
DA:34,0
DA:35,0
DA:36,0
DA:37,0
DA:38,0
DA:39,0
DA:40,0
DA:42,0
DA:51,0
DA:52,0
DA:53,0
DA:57,0
DA:58,0
DA:59,0
DA:60,0
DA:61,0
DA:62,0
DA:63,0
DA:64,0
DA:65,0
DA:66,0
DA:67,0
LF:27
LH:2
end_of_record
SF:lib\domain\models\podcast_episode_model.g.dart
DA:9,3
DA:10,3
DA:11,3
DA:12,6
DA:13,3
DA:14,3
DA:15,3
DA:16,3
DA:17,6
DA:18,3
DA:19,6
DA:22,4
DA:24,4
DA:25,4
DA:26,4
DA:27,4
DA:28,4
DA:29,4
DA:30,4
DA:31,4
DA:32,4
DA:33,8
LF:22
LH:22
end_of_record
SF:lib\domain\models\link_model.dart
DA:12,0
LF:1
LH:0
end_of_record
SF:lib\domain\models\link_model.g.dart
DA:9,0
DA:10,0
DA:11,0
DA:14,0
DA:15,0
DA:16,0
DA:17,0
LF:7
LH:0
end_of_record
SF:lib\application\providers\episode_paging_provider.dart
DA:20,1
DA:28,2
DA:29,1
DA:36,1
DA:43,1
DA:44,1
DA:45,1
DA:46,0
DA:47,1
DA:53,3
DA:54,2
DA:57,3
DA:58,1
DA:59,2
DA:60,2
DA:61,1
DA:69,1
DA:70,2
DA:72,1
DA:76,2
DA:77,3
DA:80,3
DA:81,0
DA:83,1
DA:84,3
DA:86,0
DA:87,3
DA:88,1
DA:89,2
DA:90,0
DA:92,3
DA:93,3
DA:94,0
DA:96,2
DA:99,3
DA:103,2
DA:107,0
LF:37
LH:31
end_of_record
SF:lib\core\services\episode_paging_cache_service.dart
DA:17,3
DA:22,6
DA:23,3
DA:26,6
DA:30,2
DA:34,6
DA:37,2
DA:42,4
DA:43,2
DA:49,0
DA:50,0
LF:11
LH:9
end_of_record
SF:lib\core\services\generic_paging_cache_service.dart
DA:14,3
DA:20,6
DA:22,3
DA:28,9
DA:29,9
DA:30,6
DA:31,6
DA:35,2
DA:36,6
DA:37,4
DA:39,2
DA:41,12
DA:44,2
DA:45,6
DA:46,4
DA:48,2
DA:50,0
DA:51,3
DA:54,0
DA:55,0
DA:56,0
LF:21
LH:17
end_of_record
SF:lib\application\providers\feature_flags_provider.dart
DA:13,3
DA:14,0
DA:17,2
DA:18,1
DA:19,1
DA:22,2
DA:23,2
DA:24,1
DA:32,1
DA:33,2
DA:34,1
DA:37,1
DA:38,3
DA:39,3
DA:41,1
DA:49,0
DA:50,0
DA:51,0
LF:18
LH:14
end_of_record
SF:lib\core\services\feature_flags_cache_service.dart
DA:15,0
DA:16,0
DA:17,0
DA:18,0
DA:19,0
DA:23,0
DA:24,0
DA:25,0
DA:27,0
DA:30,0
DA:31,0
DA:32,0
DA:34,0
DA:37,0
DA:40,0
DA:41,0
DA:42,0
LF:17
LH:0
end_of_record
SF:lib\core\services\audio_player_bloc.dart
DA:42,1
DA:51,0
DA:56,1
DA:63,0
DA:68,1
DA:73,1
DA:88,3
DA:89,3
DA:92,3
DA:93,3
DA:94,3
DA:95,3
DA:96,3
DA:97,0
DA:98,0
DA:106,4
DA:107,3
DA:110,3
DA:111,0
DA:112,0
DA:113,0
DA:114,0
DA:115,0
DA:116,0
DA:122,0
DA:123,0
DA:126,0
DA:127,0
DA:128,0
DA:129,0
DA:130,0
DA:149,8
DA:151,5
DA:153,10
DA:154,6
DA:156,1
DA:157,3
DA:158,5
DA:159,0
DA:161,0
DA:162,0
DA:166,3
DA:167,3
DA:168,4
DA:170,0
DA:171,0
DA:172,0
DA:173,0
DA:174,0
DA:178,2
DA:180,0
DA:183,2
DA:184,1
DA:186,1
DA:187,2
DA:188,2
DA:190,2
DA:191,0
DA:193,1
DA:194,0
DA:196,2
DA:197,3
DA:198,2
DA:200,1
DA:201,1
DA:202,1
DA:203,1
DA:204,2
DA:205,3
DA:206,0
DA:207,0
DA:208,0
DA:209,0
DA:210,0
DA:211,0
DA:216,0
DA:217,0
DA:218,0
DA:221,6
DA:223,3
DA:224,2
DA:226,0
DA:229,2
DA:230,2
DA:231,1
DA:232,1
DA:233,3
DA:234,1
DA:236,6
DA:237,2
DA:238,1
DA:239,1
DA:240,1
DA:241,1
DA:242,1
DA:243,1
DA:244,1
DA:245,1
DA:246,1
DA:247,2
DA:248,1
DA:250,5
DA:251,0
DA:253,0
DA:256,0
DA:257,0
DA:259,5
DA:260,0
DA:261,0
DA:263,0
DA:266,0
DA:269,0
DA:270,0
DA:272,0
DA:276,0
DA:278,0
DA:279,0
DA:280,0
DA:281,0
DA:282,0
DA:283,0
DA:284,0
DA:286,0
DA:287,0
DA:288,0
DA:289,0
DA:291,0
DA:292,0
DA:293,0
DA:295,0
DA:297,0
DA:298,0
DA:299,0
DA:300,0
DA:302,0
DA:303,0
DA:304,0
DA:306,0
DA:307,0
DA:308,0
DA:309,0
DA:310,0
DA:311,0
DA:312,0
DA:313,0
DA:314,0
DA:315,0
DA:316,0
DA:317,0
DA:323,0
DA:324,0
DA:327,0
DA:329,0
DA:332,0
DA:334,0
DA:336,0
DA:338,0
DA:340,0
DA:341,0
DA:342,0
DA:343,0
DA:346,0
DA:347,0
DA:348,0
DA:349,0
DA:350,0
DA:351,0
DA:352,0
DA:353,0
DA:354,0
DA:355,0
DA:356,0
DA:357,0
DA:363,0
DA:364,0
DA:367,0
DA:369,0
DA:372,0
DA:374,0
DA:377,6
DA:378,2
DA:379,4
DA:381,1
DA:382,0
DA:383,0
DA:385,0
DA:389,0
DA:390,0
DA:393,5
DA:395,0
DA:397,0
DA:398,0
DA:399,0
DA:401,0
DA:402,0
DA:403,0
DA:404,0
DA:405,0
DA:408,0
DA:409,0
DA:410,0
DA:413,6
DA:415,2
DA:418,0
DA:419,0
DA:420,0
DA:423,6
DA:424,5
DA:425,0
DA:427,0
DA:428,0
DA:432,3
DA:433,2
DA:434,1
DA:436,2
DA:437,2
DA:438,3
DA:440,1
DA:441,3
DA:442,3
DA:443,1
DA:444,1
DA:445,2
DA:446,3
DA:447,0
DA:448,0
DA:449,0
DA:450,0
DA:451,0
DA:452,0
DA:457,0
DA:458,0
DA:463,0
DA:465,0
DA:466,0
DA:467,0
DA:468,0
DA:469,0
DA:470,0
DA:473,2
DA:474,2
DA:475,2
DA:476,2
DA:479,8
DA:480,0
DA:481,0
DA:483,0
DA:485,0
DA:486,0
DA:488,0
DA:490,0
DA:495,0
DA:497,0
DA:498,0
DA:499,0
DA:500,0
DA:507,0
DA:508,0
DA:509,0
DA:512,0
DA:515,0
DA:516,0
DA:519,0
DA:521,0
DA:522,0
DA:525,2
DA:526,2
DA:527,8
DA:528,0
DA:529,0
DA:530,0
DA:531,0
DA:532,0
DA:533,0
DA:534,0
DA:538,0
DA:540,0
DA:541,0
DA:544,2
DA:545,2
DA:546,8
DA:547,0
DA:548,0
DA:549,0
DA:550,0
DA:551,0
DA:552,0
DA:555,0
DA:556,0
DA:557,0
DA:571,1
DA:574,1
DA:576,3
DA:578,0
DA:579,0
DA:580,0
DA:581,0
DA:582,0
DA:587,0
DA:588,0
DA:589,0
DA:590,0
DA:598,1
DA:601,1
DA:603,3
DA:605,0
DA:606,0
DA:607,0
DA:608,0
DA:609,0
DA:614,0
DA:615,0
DA:616,0
DA:617,0
DA:626,0
DA:627,0
DA:628,0
DA:629,0
DA:630,0
DA:632,0
DA:633,0
DA:634,0
DA:635,0
DA:636,0
DA:637,0
DA:639,0
DA:640,0
DA:641,0
DA:644,0
DA:645,0
DA:649,0
DA:653,4
DA:668,1
DA:669,4
DA:671,1
DA:672,3
DA:674,0
DA:676,0
DA:677,0
DA:680,4
DA:682,2
DA:684,0
DA:686,0
DA:687,0
DA:692,0
DA:694,0
DA:696,0
DA:698,0
DA:701,0
DA:711,0
DA:712,0
DA:718,0
DA:723,0
DA:726,0
DA:729,0
DA:734,0
DA:737,0
DA:740,0
DA:745,0
DA:748,0
DA:752,0
DA:758,0
DA:761,0
DA:764,0
DA:769,0
DA:772,0
DA:773,0
DA:776,0
DA:781,0
DA:784,0
DA:787,0
DA:792,0
DA:793,0
DA:794,0
DA:795,0
DA:797,0
DA:798,0
DA:800,0
DA:802,0
DA:804,0
DA:805,0
DA:807,0
DA:809,0
DA:811,0
DA:812,0
DA:815,0
DA:816,0
DA:817,0
DA:818,0
DA:819,0
DA:820,0
DA:821,0
DA:822,0
DA:823,1
DA:824,2
DA:825,0
DA:827,0
DA:828,0
LF:398
LH:113
end_of_record
SF:lib\core\logging\logger_config.dart
DA:113,3
DA:120,3
DA:121,3
DA:122,3
DA:124,9
DA:126,6
DA:139,3
DA:141,3
DA:143,3
DA:145,3
DA:147,3
DA:149,3
DA:151,3
DA:158,3
DA:160,9
DA:163,3
DA:164,9
DA:183,0
DA:185,0
DA:186,0
DA:187,0
DA:188,0
DA:189,0
DA:190,0
DA:191,0
DA:192,0
DA:193,0
DA:195,0
DA:197,0
LF:29
LH:17
end_of_record
SF:lib\core\services\cast_airplay_service.dart
DA:17,1
DA:48,3
DA:49,3
DA:51,3
DA:52,3
DA:54,1
DA:57,1
DA:58,3
DA:59,1
DA:64,1
DA:68,1
DA:70,2
DA:73,1
DA:75,2
LF:14
LH:14
end_of_record
SF:lib\domain\models\merge_models.dart
DA:17,0
DA:18,0
DA:31,0
DA:32,0
DA:48,0
DA:49,0
DA:67,0
DA:68,0
DA:71,0
DA:79,0
DA:80,0
DA:81,0
DA:83,0
DA:84,0
DA:85,0
DA:86,0
DA:87,0
DA:88,0
DA:89,0
DA:90,0
DA:91,0
DA:92,0
LF:22
LH:0
end_of_record
SF:lib\domain\models\merge_models.g.dart
DA:9,0
DA:10,0
DA:11,0
DA:12,0
DA:13,0
DA:14,0
DA:15,0
DA:16,0
DA:19,0
DA:20,0
DA:21,0
DA:22,0
DA:23,0
DA:24,0
DA:25,0
DA:26,0
DA:29,0
DA:30,0
DA:31,0
DA:32,0
DA:33,0
DA:34,0
DA:35,0
DA:38,0
DA:39,0
DA:40,0
DA:41,0
DA:42,0
DA:43,0
DA:44,0
DA:47,0
DA:48,0
DA:49,0
DA:50,0
DA:51,0
DA:52,0
DA:53,0
DA:54,0
DA:55,0
DA:56,0
DA:57,0
DA:58,0
DA:61,0
DA:62,0
DA:63,0
DA:64,0
DA:65,0
DA:66,0
DA:67,0
DA:68,0
DA:69,0
DA:70,0
DA:73,0
DA:75,0
DA:76,0
DA:77,0
DA:78,0
DA:79,0
DA:80,0
DA:81,0
DA:82,0
DA:83,0
DA:84,0
DA:85,0
DA:86,0
DA:87,0
DA:89,0
DA:92,0
DA:94,0
DA:95,0
DA:96,0
DA:97,0
DA:98,0
DA:99,0
DA:100,0
DA:101,0
DA:102,0
DA:103,0
DA:104,0
LF:79
LH:0
end_of_record
SF:lib\core\utils\rss_parser_service.dart
DA:20,3
DA:36,0
DA:37,0
DA:40,0
DA:42,0
DA:47,0
DA:48,0
DA:50,0
DA:51,0
DA:54,0
DA:56,0
DA:57,0
DA:58,0
DA:59,0
DA:60,0
DA:61,0
DA:62,0
DA:63,0
DA:64,0
DA:65,0
DA:68,0
DA:74,3
DA:75,3
DA:76,3
DA:77,3
DA:78,3
DA:79,3
DA:80,3
DA:81,3
DA:82,3
DA:83,3
DA:84,3
DA:89,1
DA:91,1
DA:92,2
DA:94,1
DA:96,0
DA:101,0
DA:103,0
DA:107,0
DA:108,0
DA:109,0
DA:110,0
DA:111,0
DA:112,0
DA:113,0
DA:114,0
DA:115,0
DA:116,0
DA:119,3
DA:121,3
DA:123,6
DA:124,6
DA:127,6
DA:134,3
DA:136,9
DA:142,3
DA:143,6
DA:144,1
LF:59
LH:26
end_of_record
SF:lib\core\utils\network_cache_manager.dart
DA:11,0
DA:13,0
DA:14,0
DA:17,0
DA:19,0
DA:20,0
DA:27,1
DA:30,1
DA:34,2
DA:36,3
DA:40,1
DA:41,3
DA:45,0
DA:46,0
LF:14
LH:6
end_of_record
SF:lib\core\services\merge_service.dart
DA:29,2
DA:36,1
DA:38,2
DA:39,0
DA:44,2
DA:47,1
DA:48,3
DA:49,0
DA:52,0
DA:54,1
DA:57,1
DA:60,1
DA:62,2
DA:63,1
DA:65,2
DA:70,0
DA:72,0
DA:78,0
DA:80,0
DA:86,2
DA:89,1
DA:90,1
DA:91,1
DA:92,1
DA:93,1
DA:94,1
DA:96,1
DA:97,1
DA:98,0
DA:99,0
DA:100,0
DA:102,1
DA:104,2
DA:106,1
DA:107,1
DA:108,1
DA:109,1
DA:111,1
DA:115,1
DA:116,1
DA:118,2
DA:121,1
DA:123,2
DA:130,1
DA:131,1
DA:135,1
DA:138,2
LF:47
LH:37
end_of_record
SF:lib\core\services\merged_collection_cache_service.dart
DA:16,0
DA:17,0
DA:18,0
DA:19,0
DA:20,0
DA:24,0
DA:25,0
DA:26,0
DA:28,0
DA:29,0
DA:33,0
DA:34,0
DA:35,0
DA:37,0
DA:40,0
DA:43,0
DA:44,0
DA:45,0
LF:18
LH:0
end_of_record
SF:lib\core\placeholders\placeholder_loader_service.dart
DA:9,0
DA:10,0
DA:13,0
DA:14,0
DA:17,0
DA:18,0
DA:21,1
DA:22,2
DA:25,2
DA:29,2
DA:30,2
DA:34,0
DA:35,0
LF:13
LH:5
end_of_record
SF:lib\core\utils\rss_service.dart
DA:18,2
DA:20,0
DA:22,0
DA:24,0
DA:27,0
DA:28,0
DA:32,0
DA:33,0
DA:34,0
DA:38,0
DA:41,0
DA:44,0
DA:46,0
DA:48,0
DA:49,0
DA:50,0
DA:51,0
DA:58,0
DA:62,0
DA:63,0
DA:66,0
DA:67,0
DA:70,0
DA:71,0
DA:74,0
DA:75,0
DA:78,0
DA:80,0
DA:81,0
DA:85,0
DA:88,0
DA:90,0
DA:91,0
DA:94,0
DA:95,0
DA:98,0
DA:99,0
DA:102,0
DA:104,0
DA:105,0
DA:109,0
DA:113,1
DA:115,1
DA:116,2
DA:118,1
DA:121,2
DA:124,3
DA:125,2
DA:127,1
DA:128,1
DA:129,1
DA:130,1
DA:131,1
DA:132,1
LF:54
LH:14
end_of_record
SF:lib\data\repositories\api_podcast_repository.dart
DA:18,1
DA:30,0
DA:37,0
DA:38,0
DA:43,0
DA:44,0
DA:48,0
DA:49,0
DA:53,0
DA:55,0
DA:63,0
DA:65,0
DA:66,0
DA:68,0
DA:69,0
DA:72,0
DA:73,0
DA:78,0
DA:82,0
DA:84,0
DA:85,0
DA:89,0
DA:90,0
DA:94,0
DA:95,0
DA:101,0
DA:102,0
DA:112,0
DA:114,0
DA:119,0
DA:125,0
DA:126,0
DA:127,0
DA:131,0
DA:134,0
DA:135,0
DA:136,0
DA:138,0
DA:147,0
DA:152,0
DA:156,0
DA:159,0
DA:163,0
DA:165,0
DA:166,0
DA:167,0
DA:169,0
DA:171,0
DA:177,0
DA:182,0
LF:50
LH:1
end_of_record
SF:lib\data\api\api_client.dart
DA:24,0
DA:27,0
DA:29,0
DA:30,0
DA:32,0
DA:33,0
DA:34,0
DA:38,0
DA:39,0
DA:45,0
DA:48,0
DA:50,0
DA:52,0
DA:53,0
DA:57,0
DA:62,0
DA:66,0
DA:67,0
DA:69,0
DA:70,0
DA:71,0
DA:75,0
DA:76,0
DA:82,0
DA:84,0
DA:86,0
DA:88,0
DA:89,0
DA:93,0
DA:98,0
DA:106,0
DA:107,0
DA:110,0
DA:113,0
DA:114,0
DA:115,0
DA:116,0
DA:118,0
DA:119,0
DA:120,0
DA:125,0
DA:127,0
DA:128,0
DA:132,0
DA:137,0
DA:139,0
DA:140,0
DA:142,0
DA:143,0
DA:144,0
DA:147,0
DA:150,0
LF:52
LH:0
end_of_record
SF:lib\data\api\local_cache_client.dart
DA:18,1
DA:20,0
DA:21,0
DA:22,0
DA:23,0
DA:28,0
DA:29,0
DA:32,0
DA:33,0
DA:34,0
DA:35,0
DA:36,0
DA:37,0
DA:38,0
DA:43,0
DA:47,0
DA:48,0
LF:17
LH:1
end_of_record
SF:lib\core\extensions\podcast_collection_debug_extension.dart
DA:7,0
DA:8,0
DA:10,0
DA:11,0
DA:12,0
DA:13,0
DA:16,0
DA:17,0
DA:20,0
DA:21,0
DA:24,0
LF:11
LH:0
end_of_record
SF:lib\domain\models\podcast_host_collection_model.dart
DA:23,0
DA:24,0
LF:2
LH:0
end_of_record
SF:lib\domain\models\podcast_host_collection_model.g.dart
DA:9,0
DA:11,0
DA:12,0
DA:13,0
DA:14,0
DA:15,0
DA:16,0
DA:17,0
DA:19,0
DA:20,0
DA:22,0
DA:23,0
DA:26,0
DA:28,0
DA:29,0
DA:30,0
DA:31,0
DA:32,0
DA:33,0
DA:34,0
LF:20
LH:0
end_of_record
SF:lib\domain\models\collection_meta_model.dart
DA:17,0
DA:18,0
LF:2
LH:0
end_of_record
SF:lib\domain\models\collection_meta_model.g.dart
DA:9,0
DA:10,0
DA:12,0
DA:14,0
DA:15,0
DA:17,0
DA:20,0
DA:22,0
DA:23,0
DA:24,0
DA:25,0
LF:11
LH:0
end_of_record
SF:lib\domain\models\data_origin_model.dart
DA:17,0
DA:18,0
LF:2
LH:0
end_of_record
SF:lib\domain\models\data_origin_model.g.dart
DA:9,0
DA:10,0
DA:11,0
DA:12,0
DA:13,0
DA:16,0
DA:17,0
DA:18,0
DA:19,0
DA:20,0
LF:10
LH:0
end_of_record
SF:lib\core\utils\podcast_collection_parser.dart
DA:10,0
DA:11,0
DA:13,0
DA:17,0
DA:19,0
DA:25,0
DA:28,0
DA:32,0
DA:33,0
DA:34,0
DA:36,0
DA:38,0
DA:39,0
DA:41,0
DA:43,0
DA:44,0
DA:45,0
DA:47,0
LF:18
LH:0
end_of_record
SF:lib\domain\common\api_response.dart
DA:19,0
DA:20,0
DA:21,0
DA:22,0
DA:23,0
DA:32,0
DA:37,0
DA:42,0
DA:44,0
DA:46,0
DA:47,0
DA:50,0
DA:51,0
DA:52,0
DA:54,0
DA:56,0
DA:58,0
DA:59,0
DA:60,0
LF:19
LH:0
end_of_record
SF:lib\data\api\api_endpoints.dart
DA:9,0
DA:11,0
DA:12,0
DA:16,0
DA:26,0
DA:30,0
DA:35,0
DA:41,0
DA:42,0
LF:9
LH:0
end_of_record
SF:lib\presentation\pages\episode_detail_page.dart
DA:30,2
DA:36,2
DA:37,2
DA:45,2
DA:47,2
DA:48,8
DA:50,6
DA:51,4
DA:52,4
DA:53,4
DA:54,2
DA:57,5
DA:58,6
DA:61,8
DA:62,4
DA:63,5
DA:68,0
DA:72,0
DA:73,0
DA:77,0
DA:79,0
DA:80,0
DA:81,0
DA:82,0
DA:87,0
DA:89,0
DA:90,0
DA:93,2
DA:95,6
DA:97,2
DA:98,2
DA:99,4
DA:100,4
DA:101,2
DA:104,0
DA:105,0
DA:106,4
DA:108,2
DA:109,2
DA:110,2
DA:111,2
DA:112,2
DA:113,2
DA:114,2
DA:120,2
DA:121,2
DA:122,2
DA:132,2
DA:133,2
DA:134,2
DA:136,2
DA:137,2
DA:138,2
DA:141,2
DA:143,2
DA:144,2
DA:146,4
DA:150,2
DA:151,6
DA:152,0
DA:153,0
DA:154,0
DA:155,2
DA:157,0
DA:158,2
DA:159,2
DA:167,2
DA:169,2
DA:173,2
DA:174,2
DA:175,2
DA:176,2
DA:177,2
DA:178,2
DA:179,2
DA:185,2
DA:186,6
DA:198,2
DA:199,2
DA:200,2
DA:201,2
DA:207,2
DA:209,2
DA:213,2
DA:214,2
DA:216,2
DA:220,6
DA:224,2
DA:225,2
DA:226,2
DA:227,2
DA:239,2
DA:241,2
DA:242,8
DA:243,2
DA:244,6
DA:246,2
DA:248,2
DA:249,2
DA:251,2
DA:252,2
DA:253,2
DA:256,2
DA:257,2
DA:258,2
DA:261,0
DA:263,0
DA:264,0
DA:267,2
DA:268,2
DA:271,6
DA:274,0
DA:276,0
DA:277,0
DA:280,2
DA:285,0
DA:287,0
DA:288,0
DA:289,0
DA:291,0
DA:292,0
DA:293,0
DA:294,0
DA:297,0
DA:302,6
DA:313,2
DA:314,2
DA:316,2
DA:318,2
DA:319,2
DA:320,2
DA:321,2
DA:322,2
DA:326,2
DA:328,2
DA:329,6
DA:330,2
DA:332,6
DA:336,2
DA:337,8
DA:359,2
DA:360,6
DA:361,0
DA:363,0
DA:364,0
DA:365,0
DA:366,0
DA:367,0
DA:371,0
DA:377,2
DA:378,4
DA:379,4
DA:380,2
DA:382,6
DA:385,2
DA:386,4
LF:156
LH:117
end_of_record
SF:lib\application\providers\audio_player_provider.dart
DA:10,13
DA:11,2
DA:15,13
DA:16,2
DA:17,1
LF:5
LH:5
end_of_record
SF:lib\application\providers\current_episode_provider.dart
DA:5,14
LF:1
LH:1
end_of_record
SF:lib\application\providers\cast_airplay_provider.dart
DA:10,8
DA:12,2
DA:16,4
DA:17,4
DA:18,4
DA:19,2
DA:25,8
DA:26,2
DA:27,8
DA:29,0
DA:31,0
DA:32,0
DA:37,4
DA:38,4
DA:39,4
DA:40,2
DA:46,2
DA:47,6
DA:48,2
DA:49,8
DA:51,0
DA:53,0
DA:54,0
LF:23
LH:17
end_of_record
SF:lib\core\messaging\emoji.dart
DA:220,0
DA:221,0
LF:2
LH:0
end_of_record
SF:lib\core\messaging\snackbar_event.dart
DA:16,0
LF:1
LH:0
end_of_record
SF:lib\core\messaging\snackbar_event_factory.dart
DA:9,0
DA:11,0
DA:12,0
DA:14,0
DA:17,0
DA:19,0
DA:20,0
DA:21,0
DA:26,0
DA:30,0
DA:31,0
DA:32,0
DA:35,0
DA:41,0
DA:44,0
DA:45,0
DA:46,0
DA:48,0
DA:49,0
DA:52,0
DA:53,0
DA:62,0
DA:63,0
DA:65,0
DA:69,0
DA:71,0
DA:73,0
DA:75,0
DA:77,0
DA:84,0
DA:88,0
DA:89,0
DA:91,0
DA:93,0
DA:95,0
DA:98,0
DA:105,0
DA:107,0
DA:109,0
DA:111,0
DA:113,0
DA:115,0
DA:117,0
DA:119,0
DA:121,0
DA:123,0
DA:125,0
DA:127,0
DA:129,0
DA:131,0
DA:133,0
DA:135,0
LF:52
LH:0
end_of_record
SF:lib\core\messaging\snackbar_manager.dart
DA:9,0
DA:10,0
DA:11,0
DA:19,0
DA:20,0
DA:23,0
DA:25,0
DA:28,0
DA:29,0
DA:30,0
DA:31,0
DA:32,0
DA:33,0
DA:35,0
DA:36,0
DA:44,0
DA:45,0
DA:46,0
DA:49,0
DA:50,0
DA:51,0
DA:52,0
DA:56,0
DA:60,0
DA:65,0
DA:66,0
DA:69,0
DA:70,0
DA:71,0
DA:74,0
DA:75,0
DA:77,0
DA:79,0
DA:81,0
DA:82,0
DA:88,0
DA:89,0
DA:92,0
LF:38
LH:0
end_of_record
SF:lib\presentation\widgets\cast_airplay_button.dart
DA:17,4
DA:27,3
DA:29,3
DA:30,3
DA:31,3
DA:32,3
DA:33,1
DA:34,1
DA:35,3
DA:36,4
DA:37,2
DA:38,3
DA:41,4
DA:42,4
LF:14
LH:14
end_of_record
SF:lib\presentation\widgets\cover_image_widget.dart
DA:12,2
DA:18,2
DA:20,2
DA:22,6
DA:23,4
DA:25,2
DA:26,2
DA:27,2
DA:29,2
DA:30,2
DA:33,2
DA:34,4
DA:35,2
DA:38,2
DA:43,2
DA:45,6
DA:46,0
DA:47,0
DA:49,0
DA:50,0
DA:53,2
DA:54,0
DA:55,0
DA:57,0
DA:58,0
DA:61,2
DA:64,2
DA:66,2
DA:67,2
DA:68,2
DA:69,2
DA:72,6
DA:75,2
DA:76,0
DA:80,0
DA:81,0
DA:83,0
DA:84,0
DA:86,0
DA:87,0
LF:40
LH:25
end_of_record
SF:lib\presentation\widgets\sticky_info_header.dart
DA:9,2
DA:19,2
DA:20,2
DA:22,2
DA:23,2
DA:25,2
DA:31,2
DA:33,4
DA:34,2
DA:35,2
DA:36,2
DA:37,2
DA:38,2
DA:40,2
DA:43,2
DA:44,2
DA:46,2
DA:49,2
DA:50,2
DA:51,4
DA:52,2
DA:54,2
DA:55,2
DA:56,2
DA:57,2
DA:60,2
DA:61,2
DA:62,2
DA:64,2
DA:65,2
DA:66,2
DA:67,2
DA:83,6
DA:93,0
DA:95,0
DA:96,0
DA:97,0
LF:37
LH:33
end_of_record
SF:lib\presentation\widgets\bottom_player_widget.dart
DA:39,7
DA:40,4
DA:41,4
DA:50,2
DA:52,2
DA:53,2
DA:56,4
DA:58,4
DA:62,4
DA:64,4
DA:65,12
DA:66,12
DA:67,12
DA:68,8
DA:69,4
DA:70,8
DA:72,9
DA:73,4
DA:74,2
DA:75,4
DA:76,2
DA:78,4
DA:79,4
DA:81,6
DA:82,4
DA:83,4
DA:84,4
DA:85,6
DA:93,4
DA:94,4
DA:95,0
DA:97,4
DA:109,8
DA:113,2
DA:122,4
DA:130,2
DA:135,2
DA:137,2
DA:140,1
DA:144,1
DA:146,1
DA:149,1
DA:150,1
DA:151,3
DA:152,3
DA:153,3
DA:164,4
DA:179,4
DA:181,4
DA:183,4
DA:184,8
DA:185,4
DA:186,4
DA:187,8
DA:190,4
DA:191,4
DA:192,4
DA:195,4
DA:196,3
DA:197,3
DA:199,3
DA:200,3
DA:201,6
DA:202,0
DA:203,0
DA:204,0
DA:205,0
DA:209,0
DA:210,0
DA:213,0
DA:219,6
DA:220,3
DA:223,3
DA:224,3
DA:225,3
DA:230,3
DA:231,3
DA:233,3
DA:235,6
DA:236,3
DA:238,3
DA:239,3
DA:240,9
DA:242,6
DA:243,3
DA:262,3
DA:263,3
DA:265,3
DA:267,3
DA:269,3
DA:272,9
DA:274,3
DA:275,3
DA:276,3
DA:278,6
DA:279,3
DA:284,3
DA:285,0
DA:287,0
DA:290,3
DA:291,6
DA:292,3
DA:294,6
DA:295,3
DA:297,6
DA:298,3
DA:301,3
DA:303,6
DA:304,3
DA:315,4
DA:316,4
DA:318,8
DA:320,0
DA:321,0
DA:323,4
DA:324,4
DA:326,4
DA:328,4
DA:330,4
DA:332,4
DA:339,12
DA:349,4
DA:350,4
DA:352,0
DA:353,0
DA:355,4
DA:356,8
DA:357,8
DA:359,8
DA:361,12
DA:363,12
DA:370,12
DA:374,4
DA:376,0
DA:377,0
DA:378,0
DA:379,0
DA:382,0
DA:385,0
DA:389,0
DA:390,0
DA:391,0
DA:400,4
DA:402,4
DA:404,4
DA:406,4
DA:413,12
DA:426,4
DA:427,4
DA:429,4
DA:433,4
DA:435,4
DA:438,4
DA:439,4
DA:441,12
DA:444,0
DA:445,0
DA:454,4
DA:456,4
DA:458,4
DA:461,4
DA:462,4
DA:464,12
DA:466,0
DA:468,0
DA:469,0
DA:477,4
DA:480,4
DA:482,4
DA:486,12
DA:491,0
DA:493,0
DA:494,0
DA:501,4
DA:504,4
DA:505,4
DA:507,12
DA:509,0
DA:511,0
DA:512,0
DA:513,0
DA:518,8
DA:519,0
DA:522,0
DA:523,0
DA:524,0
DA:525,0
DA:526,0
DA:533,4
DA:537,4
DA:539,4
DA:544,4
DA:548,8
DA:549,0
DA:550,0
DA:560,4
DA:561,8
DA:562,4
DA:563,8
DA:564,4
DA:565,4
DA:566,0
DA:568,20
DA:578,0
DA:579,0
DA:581,0
DA:582,0
DA:583,0
DA:584,0
DA:585,0
DA:586,0
DA:587,0
DA:588,0
DA:589,0
DA:594,0
DA:596,0
DA:597,0
DA:605,0
DA:609,0
DA:610,0
DA:616,0
DA:618,0
DA:619,0
DA:620,0
DA:621,0
DA:625,0
DA:627,0
DA:628,0
DA:629,0
DA:630,0
DA:634,0
DA:636,0
DA:637,0
DA:640,0
DA:641,0
DA:642,0
DA:643,0
DA:645,0
DA:649,0
DA:651,0
DA:652,0
DA:653,0
DA:654,0
DA:655,0
DA:658,0
DA:660,0
DA:661,0
DA:663,0
DA:666,0
DA:668,0
DA:669,0
DA:670,0
DA:671,0
DA:672,0
DA:677,0
DA:679,0
DA:682,0
DA:684,0
DA:685,0
DA:686,0
DA:694,0
DA:695,0
DA:717,8
DA:718,4
DA:720,4
DA:728,0
DA:729,0
DA:730,0
DA:731,0
DA:732,0
DA:736,2
DA:738,2
DA:739,2
DA:742,4
DA:744,12
DA:747,8
DA:751,4
DA:752,4
DA:754,4
DA:755,4
DA:756,4
DA:758,16
DA:760,4
DA:762,4
DA:763,0
DA:764,0
DA:769,0
DA:770,0
DA:771,0
DA:774,0
DA:775,0
DA:776,0
DA:777,0
DA:778,0
DA:779,0
DA:784,0
DA:785,0
DA:789,0
DA:790,0
DA:791,0
DA:792,0
DA:793,0
LF:302
LH:176
end_of_record
