SF:lib\application\providers\collection_provider.dart
DA:16,0
DA:17,0
DA:20,15
DA:21,4
DA:25,19
DA:28,8
DA:29,4
DA:36,10
DA:37,5
DA:40,5
DA:41,10
DA:42,1
DA:45,0
DA:46,0
DA:47,0
DA:50,2
DA:51,2
DA:52,4
DA:57,0
DA:58,0
DA:59,0
LF:21
LH:13
end_of_record
SF:lib\application\providers\theme_provider.dart
DA:18,2
DA:19,2
DA:20,6
DA:21,2
DA:25,0
DA:26,0
DA:27,0
DA:28,0
DA:32,0
DA:34,0
DA:35,0
DA:40,6
DA:41,2
DA:44,2
DA:49,0
DA:50,0
DA:51,0
DA:55,0
DA:56,0
DA:57,0
LF:20
LH:7
end_of_record
SF:lib\core\services\collection_id_storage.dart
DA:8,2
DA:9,4
DA:10,2
DA:13,1
DA:14,2
DA:15,1
LF:6
LH:6
end_of_record
SF:lib\application\controllers\collection_load_controller.dart
DA:15,0
DA:20,0
DA:21,0
DA:22,0
DA:24,0
DA:25,0
DA:26,0
DA:28,0
DA:29,0
DA:30,0
DA:33,0
DA:34,0
DA:35,0
DA:38,0
DA:39,0
DA:40,0
DA:43,0
DA:44,0
DA:45,0
DA:48,0
DA:49,0
LF:21
LH:0
end_of_record
SF:lib\core\logging\logger_config.dart
DA:112,3
DA:119,3
DA:120,3
DA:121,3
DA:123,9
DA:125,6
DA:138,3
DA:140,3
DA:142,3
DA:144,3
DA:146,3
DA:148,3
DA:150,3
DA:157,3
DA:159,9
DA:162,3
DA:163,9
LF:17
LH:17
end_of_record
SF:lib\core\placeholders\placeholder_content.dart
DA:16,0
DA:17,0
DA:50,0
DA:53,0
DA:54,0
DA:55,0
DA:57,0
DA:63,0
DA:68,0
DA:70,0
DA:78,0
LF:11
LH:0
end_of_record
SF:lib\domain\models\host_model.dart
DA:31,2
DA:33,0
DA:34,0
DA:38,0
DA:39,0
DA:40,0
DA:41,0
DA:42,0
DA:46,0
LF:9
LH:1
end_of_record
SF:lib\domain\models\host_model.g.dart
DA:9,2
DA:10,2
DA:11,1
DA:12,1
DA:13,2
DA:14,2
DA:15,2
DA:16,1
DA:17,1
DA:18,2
DA:19,1
DA:20,1
DA:21,1
DA:22,1
DA:24,2
DA:27,0
DA:28,0
DA:29,0
DA:30,0
DA:31,0
DA:32,0
DA:33,0
DA:34,0
DA:35,0
DA:36,0
DA:37,0
DA:38,0
DA:39,0
DA:40,0
LF:29
LH:15
end_of_record
SF:lib\config\app_theme_mapper.dart
DA:8,0
DA:9,0
DA:10,0
DA:11,0
DA:13,0
DA:17,0
DA:18,0
DA:20,0
DA:21,0
DA:27,0
DA:34,0
DA:35,0
DA:36,0
DA:39,0
DA:40,0
DA:41,0
DA:43,0
DA:50,0
DA:51,0
DA:52,0
DA:54,0
DA:61,0
DA:62,0
DA:63,0
DA:64,0
DA:65,0
DA:66,0
LF:27
LH:0
end_of_record
SF:lib\domain\models\branding_model.dart
DA:18,1
DA:19,1
DA:21,0
LF:3
LH:2
end_of_record
SF:lib\domain\models\branding_model.g.dart
DA:9,1
DA:10,1
DA:11,1
DA:12,1
DA:13,1
DA:14,1
DA:15,1
DA:18,0
DA:19,0
DA:20,0
DA:21,0
DA:22,0
DA:23,0
DA:24,0
LF:14
LH:7
end_of_record
SF:lib\config\tenant_branding_service.dart
DA:9,2
DA:12,0
DA:13,0
DA:14,0
DA:18,0
DA:19,0
DA:20,0
DA:24,0
DA:25,0
DA:26,0
DA:30,2
LF:11
LH:2
end_of_record
SF:lib\core\utils\tenant_asset_loader.dart
DA:8,0
DA:14,0
DA:15,0
DA:16,0
DA:20,0
DA:31,0
DA:33,0
DA:34,0
LF:8
LH:0
end_of_record
SF:lib\domain\models\host_content_model.dart
DA:18,1
DA:19,1
DA:21,1
LF:3
LH:3
end_of_record
SF:lib\domain\models\host_content_model.g.dart
DA:9,1
DA:10,1
DA:11,1
DA:12,1
DA:13,1
DA:14,1
DA:15,1
DA:16,1
DA:19,0
DA:20,0
DA:21,0
DA:22,0
DA:23,0
DA:24,0
LF:14
LH:8
end_of_record
SF:lib\domain\models\localization_config_model.dart
DA:14,1
DA:15,1
DA:17,1
LF:3
LH:3
end_of_record
SF:lib\domain\models\localization_config_model.g.dart
DA:9,1
DA:11,1
DA:12,1
DA:13,2
DA:14,0
DA:18,0
DA:20,0
DA:21,0
DA:22,0
LF:9
LH:4
end_of_record
SF:lib\domain\models\feature_flags_model.dart
DA:17,1
DA:18,1
DA:20,1
LF:3
LH:3
end_of_record
SF:lib\domain\models\feature_flags_model.g.dart
DA:9,1
DA:10,1
DA:11,1
DA:12,1
DA:13,1
DA:14,1
DA:17,0
DA:18,0
DA:19,0
DA:20,0
DA:21,0
DA:22,0
LF:12
LH:6
end_of_record
SF:lib\domain\models\contact_info_model.dart
DA:16,1
DA:17,1
DA:19,0
LF:3
LH:2
end_of_record
SF:lib\domain\models\contact_info_model.g.dart
DA:9,1
DA:10,1
DA:11,1
DA:12,1
DA:13,1
DA:14,1
DA:15,0
DA:19,0
DA:20,0
DA:21,0
DA:22,0
DA:23,0
DA:24,0
LF:13
LH:6
end_of_record
SF:lib\domain\models\podcast_collection_model.dart
DA:12,23
DA:20,2
DA:21,2
DA:23,1
DA:24,1
DA:25,6
DA:26,1
DA:30,0
DA:31,0
DA:33,0
DA:35,0
DA:40,0
DA:42,0
DA:44,0
DA:49,0
DA:52,0
DA:53,0
DA:54,0
DA:55,0
DA:57,0
DA:58,0
DA:60,0
DA:62,0
DA:63,0
DA:64,0
DA:66,0
DA:70,0
DA:71,0
DA:74,0
LF:29
LH:7
end_of_record
SF:lib\domain\models\podcast_collection_model.g.dart
DA:9,2
DA:11,2
DA:12,2
DA:13,6
DA:14,2
DA:15,2
DA:17,0
LF:7
LH:6
end_of_record
SF:lib\domain\models\podcast_model.dart
DA:21,2
DA:22,2
DA:24,0
DA:25,0
DA:26,0
DA:27,0
DA:28,0
DA:29,0
DA:30,0
DA:31,0
DA:32,0
DA:33,0
LF:12
LH:2
end_of_record
SF:lib\domain\models\podcast_model.g.dart
DA:9,2
DA:10,2
DA:11,2
DA:12,4
DA:13,2
DA:14,2
DA:15,2
DA:16,2
DA:17,2
DA:18,2
DA:19,4
DA:20,2
DA:24,1
DA:25,1
DA:26,1
DA:27,1
DA:28,1
DA:29,1
DA:30,1
DA:31,1
DA:32,1
DA:33,1
LF:22
LH:22
end_of_record
SF:lib\domain\models\podcast_episode_model.dart
DA:27,3
DA:28,3
DA:31,0
DA:32,0
DA:33,0
DA:34,0
DA:35,0
DA:36,0
DA:37,0
DA:38,0
DA:39,0
DA:40,0
DA:42,0
DA:51,0
DA:52,0
DA:53,0
DA:57,0
DA:58,0
DA:59,0
DA:60,0
DA:61,0
DA:62,0
DA:63,0
DA:64,0
DA:65,0
DA:66,0
DA:67,0
LF:27
LH:2
end_of_record
SF:lib\domain\models\podcast_episode_model.g.dart
DA:9,3
DA:10,3
DA:11,3
DA:12,6
DA:13,3
DA:14,3
DA:15,3
DA:16,3
DA:17,6
DA:18,3
DA:19,6
DA:22,4
DA:24,4
DA:25,4
DA:26,4
DA:27,4
DA:28,4
DA:29,4
DA:30,4
DA:31,4
DA:32,4
DA:33,8
LF:22
LH:22
end_of_record
SF:lib\domain\models\link_model.dart
DA:12,0
LF:1
LH:0
end_of_record
SF:lib\domain\models\link_model.g.dart
DA:9,0
DA:10,0
DA:11,0
DA:14,0
DA:15,0
DA:16,0
DA:17,0
LF:7
LH:0
end_of_record
SF:lib\application\providers\episode_paging_provider.dart
DA:20,1
DA:28,2
DA:29,1
DA:36,1
DA:43,1
DA:44,1
DA:45,1
DA:46,0
DA:47,1
DA:53,3
DA:54,2
DA:57,3
DA:58,1
DA:59,2
DA:60,2
DA:61,1
DA:69,1
DA:70,2
DA:72,1
DA:76,2
DA:77,3
DA:80,3
DA:81,0
DA:83,1
DA:84,3
DA:86,0
DA:87,3
DA:88,1
DA:89,2
DA:90,0
DA:92,3
DA:93,3
DA:94,0
DA:96,2
DA:99,3
DA:103,2
DA:107,0
LF:37
LH:31
end_of_record
SF:lib\core\services\episode_paging_cache_service.dart
DA:17,3
DA:22,6
DA:23,3
DA:26,6
DA:30,2
DA:34,6
DA:37,2
DA:42,4
DA:43,2
DA:49,0
DA:50,0
LF:11
LH:9
end_of_record
SF:lib\core\services\generic_paging_cache_service.dart
DA:14,3
DA:20,6
DA:22,3
DA:28,9
DA:29,9
DA:30,6
DA:31,6
DA:35,2
DA:36,6
DA:37,4
DA:39,2
DA:41,12
DA:44,2
DA:45,6
DA:46,4
DA:48,2
DA:50,0
DA:51,3
DA:54,0
DA:55,0
DA:56,0
LF:21
LH:17
end_of_record
SF:lib\application\providers\feature_flags_provider.dart
DA:13,3
DA:14,0
DA:17,2
DA:18,1
DA:19,1
DA:22,2
DA:23,2
DA:24,1
DA:32,1
DA:33,2
DA:34,1
DA:37,1
DA:38,3
DA:39,3
DA:41,1
DA:49,0
DA:50,0
DA:51,0
LF:18
LH:14
end_of_record
SF:lib\core\services\feature_flags_cache_service.dart
DA:15,0
DA:16,0
DA:17,0
DA:18,0
DA:19,0
DA:23,0
DA:24,0
DA:25,0
DA:27,0
DA:30,0
DA:31,0
DA:32,0
DA:34,0
DA:37,0
DA:40,0
DA:41,0
DA:42,0
LF:17
LH:0
end_of_record
SF:lib\core\services\audio_player_bloc.dart
DA:42,1
DA:51,0
DA:56,0
DA:63,2
DA:68,1
DA:83,3
DA:84,2
DA:87,2
DA:88,6
DA:89,6
DA:90,6
DA:91,6
DA:92,0
DA:93,0
DA:101,4
DA:102,3
DA:105,3
DA:106,0
DA:107,0
DA:108,0
DA:109,0
DA:110,0
DA:111,0
DA:117,1
DA:118,1
DA:121,1
DA:122,3
DA:123,3
DA:124,0
DA:125,0
DA:137,5
DA:139,10
DA:140,6
DA:142,1
DA:143,3
DA:144,5
DA:145,0
DA:147,0
DA:148,0
DA:152,3
DA:153,3
DA:154,4
DA:156,0
DA:157,0
DA:158,0
DA:159,0
DA:160,0
DA:164,2
DA:166,0
DA:169,2
DA:170,1
DA:172,1
DA:173,2
DA:174,2
DA:176,2
DA:177,0
DA:179,1
DA:180,0
DA:182,2
DA:183,3
DA:184,1
DA:185,1
DA:186,1
DA:187,2
DA:188,3
DA:189,0
DA:190,0
DA:191,0
DA:192,0
DA:193,0
DA:194,0
DA:199,0
DA:200,0
DA:204,6
DA:206,3
DA:207,2
DA:209,0
DA:212,2
DA:213,2
DA:214,1
DA:215,1
DA:216,3
DA:217,1
DA:219,6
DA:220,2
DA:221,1
DA:222,1
DA:223,1
DA:224,1
DA:225,1
DA:226,1
DA:227,1
DA:228,1
DA:229,2
DA:230,1
DA:232,5
DA:233,0
DA:235,0
DA:238,0
DA:239,0
DA:241,6
DA:242,2
DA:244,0
DA:248,2
DA:249,0
DA:250,2
DA:251,0
DA:252,0
DA:254,0
DA:256,0
DA:259,1
DA:260,0
DA:262,2
DA:264,1
DA:268,5
DA:269,0
DA:270,0
DA:272,0
DA:273,0
DA:274,0
DA:276,0
DA:280,0
DA:281,0
DA:284,7
DA:286,4
DA:288,4
DA:289,2
DA:290,10
DA:292,2
DA:293,0
DA:294,0
DA:295,0
DA:296,0
DA:299,0
DA:300,0
DA:301,0
DA:304,6
DA:305,5
DA:306,0
DA:308,0
DA:309,0
DA:313,3
DA:314,2
DA:315,1
DA:317,2
DA:318,2
DA:319,3
DA:321,1
DA:322,3
DA:323,3
DA:324,1
DA:325,1
DA:326,2
DA:327,3
DA:328,0
DA:329,0
DA:330,0
DA:331,0
DA:332,0
DA:333,0
DA:338,0
DA:339,0
DA:344,2
DA:346,2
DA:347,2
DA:348,2
DA:349,2
DA:350,4
DA:351,2
DA:354,2
DA:356,2
DA:357,2
DA:358,2
DA:359,8
DA:360,0
DA:361,0
DA:362,0
DA:363,0
DA:366,0
DA:368,0
DA:369,0
DA:372,2
DA:373,2
DA:374,8
DA:375,0
DA:376,0
DA:377,0
DA:378,0
DA:379,0
DA:380,0
DA:381,0
DA:385,0
DA:387,0
DA:388,0
DA:391,2
DA:392,2
DA:393,8
DA:394,0
DA:395,0
DA:396,0
DA:397,0
DA:398,0
DA:399,0
DA:402,0
DA:403,0
DA:404,0
DA:418,1
DA:421,1
DA:423,3
DA:425,0
DA:426,0
DA:427,0
DA:428,0
DA:429,0
DA:434,0
DA:435,0
DA:436,0
DA:437,0
DA:445,1
DA:448,1
DA:450,3
DA:452,0
DA:453,0
DA:454,0
DA:455,0
DA:456,0
DA:461,0
DA:462,0
DA:463,0
DA:464,0
DA:485,1
DA:487,2
DA:489,2
DA:491,1
DA:494,0
DA:498,0
DA:499,0
DA:506,0
DA:511,0
DA:514,0
DA:517,0
DA:522,0
DA:525,0
DA:528,0
DA:533,0
DA:536,0
DA:537,0
DA:540,0
DA:541,0
DA:546,0
DA:549,0
DA:552,0
DA:557,0
DA:560,0
DA:561,0
DA:564,0
DA:569,0
DA:570,0
DA:571,0
DA:572,0
DA:574,0
DA:575,0
DA:577,0
DA:579,0
DA:581,0
DA:582,0
DA:584,0
DA:586,0
DA:588,0
DA:589,0
DA:592,0
DA:593,0
DA:594,0
DA:595,0
DA:596,0
DA:597,0
DA:598,0
DA:599,0
DA:600,1
DA:602,2
DA:603,1
LF:281
LH:124
end_of_record
SF:lib\core\services\cast_airplay_service.dart
DA:17,1
DA:48,3
DA:49,3
DA:51,3
DA:52,3
DA:54,1
DA:57,1
DA:58,3
DA:59,1
DA:64,1
DA:68,1
DA:70,2
DA:73,1
DA:75,2
LF:14
LH:14
end_of_record
SF:lib\domain\models\merge_models.dart
DA:17,0
DA:18,0
DA:31,0
DA:32,0
DA:48,0
DA:49,0
DA:67,0
DA:68,0
DA:71,0
DA:79,0
DA:80,0
DA:81,0
DA:83,0
DA:84,0
DA:85,0
DA:86,0
DA:87,0
DA:88,0
DA:89,0
DA:90,0
DA:91,0
DA:92,0
LF:22
LH:0
end_of_record
SF:lib\domain\models\merge_models.g.dart
DA:9,0
DA:10,0
DA:11,0
DA:12,0
DA:13,0
DA:14,0
DA:15,0
DA:16,0
DA:19,0
DA:20,0
DA:21,0
DA:22,0
DA:23,0
DA:24,0
DA:25,0
DA:26,0
DA:29,0
DA:30,0
DA:31,0
DA:32,0
DA:33,0
DA:34,0
DA:35,0
DA:38,0
DA:39,0
DA:40,0
DA:41,0
DA:42,0
DA:43,0
DA:44,0
DA:47,0
DA:48,0
DA:49,0
DA:50,0
DA:51,0
DA:52,0
DA:53,0
DA:54,0
DA:55,0
DA:56,0
DA:57,0
DA:58,0
DA:61,0
DA:62,0
DA:63,0
DA:64,0
DA:65,0
DA:66,0
DA:67,0
DA:68,0
DA:69,0
DA:70,0
DA:73,0
DA:75,0
DA:76,0
DA:77,0
DA:78,0
DA:79,0
DA:80,0
DA:81,0
DA:82,0
DA:83,0
DA:84,0
DA:85,0
DA:86,0
DA:87,0
DA:89,0
DA:92,0
DA:94,0
DA:95,0
DA:96,0
DA:97,0
DA:98,0
DA:99,0
DA:100,0
DA:101,0
DA:102,0
DA:103,0
DA:104,0
LF:79
LH:0
end_of_record
SF:lib\core\utils\rss_parser_service.dart
DA:20,3
DA:36,0
DA:37,0
DA:40,0
DA:42,0
DA:47,0
DA:48,0
DA:50,0
DA:51,0
DA:54,0
DA:56,0
DA:57,0
DA:58,0
DA:59,0
DA:60,0
DA:61,0
DA:62,0
DA:63,0
DA:64,0
DA:65,0
DA:68,0
DA:74,3
DA:75,3
DA:76,3
DA:77,3
DA:78,3
DA:79,3
DA:80,3
DA:81,3
DA:82,3
DA:83,3
DA:84,3
DA:89,1
DA:91,1
DA:92,2
DA:94,1
DA:96,0
DA:101,0
DA:103,0
DA:107,0
DA:108,0
DA:109,0
DA:110,0
DA:111,0
DA:112,0
DA:113,0
DA:114,0
DA:115,0
DA:116,0
DA:119,3
DA:121,3
DA:123,6
DA:124,6
DA:127,6
DA:134,3
DA:136,9
DA:142,3
DA:143,6
DA:144,1
LF:59
LH:26
end_of_record
SF:lib\core\utils\network_cache_manager.dart
DA:11,0
DA:13,0
DA:14,0
DA:17,0
DA:19,0
DA:20,0
DA:27,1
DA:30,1
DA:34,2
DA:36,3
DA:40,1
DA:41,3
DA:45,0
DA:46,0
LF:14
LH:6
end_of_record
SF:lib\core\services\merge_service.dart
DA:29,2
DA:36,1
DA:38,2
DA:39,0
DA:44,2
DA:47,1
DA:48,3
DA:49,0
DA:52,0
DA:54,1
DA:57,1
DA:60,1
DA:62,2
DA:63,1
DA:65,2
DA:70,0
DA:72,0
DA:78,0
DA:80,0
DA:86,2
DA:89,1
DA:90,1
DA:91,1
DA:92,1
DA:93,1
DA:94,1
DA:96,1
DA:97,1
DA:98,0
DA:99,0
DA:100,0
DA:102,1
DA:104,2
DA:106,1
DA:107,1
DA:108,1
DA:109,1
DA:111,1
DA:115,1
DA:116,1
DA:118,2
DA:121,1
DA:123,2
DA:130,1
DA:131,1
DA:135,1
DA:138,2
LF:47
LH:37
end_of_record
SF:lib\core\services\merged_collection_cache_service.dart
DA:16,0
DA:17,0
DA:18,0
DA:19,0
DA:20,0
DA:24,0
DA:25,0
DA:26,0
DA:28,0
DA:29,0
DA:33,0
DA:34,0
DA:35,0
DA:37,0
DA:40,0
DA:43,0
DA:44,0
DA:45,0
LF:18
LH:0
end_of_record
SF:lib\core\placeholders\placeholder_loader_service.dart
DA:9,0
DA:10,0
DA:13,0
DA:14,0
DA:17,0
DA:18,0
DA:21,1
DA:22,2
DA:25,2
DA:29,2
DA:30,2
DA:34,0
DA:35,0
LF:13
LH:5
end_of_record
SF:lib\core\utils\rss_service.dart
DA:18,2
DA:20,0
DA:22,0
DA:24,0
DA:27,0
DA:28,0
DA:32,0
DA:33,0
DA:34,0
DA:38,0
DA:41,0
DA:44,0
DA:46,0
DA:48,0
DA:49,0
DA:50,0
DA:51,0
DA:58,0
DA:62,0
DA:63,0
DA:66,0
DA:67,0
DA:70,0
DA:71,0
DA:74,0
DA:75,0
DA:78,0
DA:80,0
DA:81,0
DA:85,0
DA:88,0
DA:90,0
DA:91,0
DA:94,0
DA:95,0
DA:98,0
DA:99,0
DA:102,0
DA:104,0
DA:105,0
DA:109,0
DA:113,1
DA:115,1
DA:116,2
DA:118,1
DA:121,2
DA:124,3
DA:125,2
DA:127,1
DA:128,1
DA:129,1
DA:130,1
DA:131,1
DA:132,1
LF:54
LH:14
end_of_record
SF:lib\data\repositories\api_podcast_repository.dart
DA:18,1
DA:30,0
DA:37,0
DA:38,0
DA:43,0
DA:44,0
DA:48,0
DA:49,0
DA:53,0
DA:55,0
DA:63,0
DA:65,0
DA:66,0
DA:68,0
DA:69,0
DA:72,0
DA:73,0
DA:78,0
DA:82,0
DA:84,0
DA:85,0
DA:89,0
DA:90,0
DA:94,0
DA:95,0
DA:101,0
DA:102,0
DA:112,0
DA:114,0
DA:119,0
DA:125,0
DA:126,0
DA:127,0
DA:131,0
DA:134,0
DA:135,0
DA:136,0
DA:138,0
DA:147,0
DA:152,0
DA:156,0
DA:159,0
DA:163,0
DA:165,0
DA:166,0
DA:167,0
DA:169,0
DA:171,0
DA:177,0
DA:182,0
LF:50
LH:1
end_of_record
SF:lib\data\api\api_client.dart
DA:24,0
DA:27,0
DA:29,0
DA:30,0
DA:32,0
DA:33,0
DA:34,0
DA:38,0
DA:39,0
DA:45,0
DA:48,0
DA:50,0
DA:52,0
DA:53,0
DA:57,0
DA:62,0
DA:66,0
DA:67,0
DA:69,0
DA:70,0
DA:71,0
DA:75,0
DA:76,0
DA:82,0
DA:84,0
DA:86,0
DA:88,0
DA:89,0
DA:93,0
DA:98,0
DA:106,0
DA:107,0
DA:110,0
DA:113,0
DA:114,0
DA:115,0
DA:116,0
DA:118,0
DA:119,0
DA:120,0
DA:125,0
DA:127,0
DA:128,0
DA:132,0
DA:137,0
DA:139,0
DA:140,0
DA:142,0
DA:143,0
DA:144,0
DA:147,0
DA:150,0
LF:52
LH:0
end_of_record
SF:lib\data\api\local_cache_client.dart
DA:18,1
DA:20,0
DA:21,0
DA:22,0
DA:23,0
DA:28,0
DA:29,0
DA:32,0
DA:33,0
DA:34,0
DA:35,0
DA:36,0
DA:37,0
DA:38,0
DA:43,0
DA:47,0
DA:48,0
LF:17
LH:1
end_of_record
SF:lib\core\extensions\podcast_collection_debug_extension.dart
DA:7,0
DA:8,0
DA:10,0
DA:11,0
DA:12,0
DA:13,0
DA:16,0
DA:17,0
DA:20,0
DA:21,0
DA:24,0
LF:11
LH:0
end_of_record
SF:lib\domain\models\podcast_host_collection_model.dart
DA:23,0
DA:24,0
LF:2
LH:0
end_of_record
SF:lib\domain\models\podcast_host_collection_model.g.dart
DA:9,0
DA:11,0
DA:12,0
DA:13,0
DA:14,0
DA:15,0
DA:16,0
DA:17,0
DA:19,0
DA:20,0
DA:22,0
DA:23,0
DA:26,0
DA:28,0
DA:29,0
DA:30,0
DA:31,0
DA:32,0
DA:33,0
DA:34,0
LF:20
LH:0
end_of_record
SF:lib\domain\models\collection_meta_model.dart
DA:17,0
DA:18,0
LF:2
LH:0
end_of_record
SF:lib\domain\models\collection_meta_model.g.dart
DA:9,0
DA:10,0
DA:12,0
DA:14,0
DA:15,0
DA:17,0
DA:20,0
DA:22,0
DA:23,0
DA:24,0
DA:25,0
LF:11
LH:0
end_of_record
SF:lib\domain\models\data_origin_model.dart
DA:17,0
DA:18,0
LF:2
LH:0
end_of_record
SF:lib\domain\models\data_origin_model.g.dart
DA:9,0
DA:10,0
DA:11,0
DA:12,0
DA:13,0
DA:16,0
DA:17,0
DA:18,0
DA:19,0
DA:20,0
LF:10
LH:0
end_of_record
SF:lib\core\utils\podcast_collection_parser.dart
DA:10,0
DA:11,0
DA:13,0
DA:17,0
DA:19,0
DA:25,0
DA:28,0
DA:32,0
DA:33,0
DA:34,0
DA:36,0
DA:38,0
DA:39,0
DA:41,0
DA:43,0
DA:44,0
DA:45,0
DA:47,0
LF:18
LH:0
end_of_record
SF:lib\domain\common\api_response.dart
DA:19,0
DA:20,0
DA:21,0
DA:22,0
DA:23,0
DA:32,0
DA:37,0
DA:42,0
DA:44,0
DA:46,0
DA:47,0
DA:50,0
DA:51,0
DA:52,0
DA:54,0
DA:56,0
DA:58,0
DA:59,0
DA:60,0
LF:19
LH:0
end_of_record
SF:lib\data\api\api_endpoints.dart
DA:9,0
DA:11,0
DA:12,0
DA:16,0
DA:26,0
DA:30,0
DA:35,0
DA:41,0
DA:42,0
LF:9
LH:0
end_of_record
SF:lib\presentation\pages\episode_detail_page.dart
DA:30,2
DA:36,2
DA:37,2
DA:45,2
DA:47,2
DA:48,8
DA:50,6
DA:51,4
DA:52,4
DA:54,4
DA:56,5
DA:57,6
DA:60,8
DA:61,5
DA:66,0
DA:70,0
DA:71,0
DA:75,0
DA:77,0
DA:78,0
DA:79,0
DA:80,0
DA:85,1
DA:87,2
DA:88,1
DA:91,2
DA:93,6
DA:95,2
DA:96,2
DA:97,4
DA:98,4
DA:99,2
DA:102,0
DA:103,0
DA:104,4
DA:106,2
DA:107,2
DA:108,2
DA:109,2
DA:110,2
DA:111,2
DA:112,2
DA:118,2
DA:119,2
DA:120,2
DA:130,2
DA:131,2
DA:132,2
DA:134,2
DA:135,2
DA:136,2
DA:139,2
DA:141,2
DA:142,2
DA:144,4
DA:148,2
DA:149,6
DA:150,0
DA:151,0
DA:152,0
DA:153,2
DA:155,0
DA:156,2
DA:157,2
DA:165,2
DA:167,2
DA:171,2
DA:172,2
DA:173,2
DA:174,2
DA:175,2
DA:176,2
DA:177,2
DA:183,2
DA:184,6
DA:196,2
DA:197,2
DA:198,2
DA:199,2
DA:205,2
DA:207,2
DA:211,2
DA:212,2
DA:214,2
DA:218,6
DA:222,2
DA:223,2
DA:224,2
DA:225,2
DA:237,2
DA:239,2
DA:240,8
DA:241,2
DA:242,6
DA:244,2
DA:246,2
DA:247,2
DA:249,2
DA:250,2
DA:251,2
DA:254,2
DA:255,2
DA:256,2
DA:259,0
DA:261,0
DA:262,0
DA:265,2
DA:266,2
DA:269,6
DA:272,0
DA:274,0
DA:275,0
DA:278,2
DA:283,0
DA:285,0
DA:286,0
DA:287,0
DA:289,0
DA:290,0
DA:291,0
DA:292,0
DA:295,0
DA:300,6
DA:311,2
DA:312,2
DA:314,2
DA:316,2
DA:317,2
DA:318,2
DA:319,2
DA:320,2
DA:324,2
DA:326,2
DA:327,6
DA:328,2
DA:330,6
DA:334,2
DA:335,8
DA:357,2
DA:358,6
DA:359,0
DA:361,0
DA:362,0
DA:363,0
DA:364,0
DA:365,0
DA:369,0
DA:375,2
DA:376,4
DA:377,4
DA:378,2
DA:380,6
DA:383,2
DA:384,4
LF:154
LH:118
end_of_record
SF:lib\application\providers\audio_player_provider.dart
DA:8,14
DA:10,4
DA:14,13
DA:15,2
DA:16,1
LF:5
LH:5
end_of_record
SF:lib\application\providers\current_episode_provider.dart
DA:5,13
LF:1
LH:1
end_of_record
SF:lib\application\providers\cast_airplay_provider.dart
DA:10,8
DA:12,2
DA:16,4
DA:17,4
DA:18,4
DA:19,2
DA:25,8
DA:26,2
DA:27,8
DA:29,1
DA:31,4
DA:32,1
DA:37,4
DA:38,4
DA:39,4
DA:40,2
DA:46,2
DA:47,6
DA:48,2
DA:49,8
DA:51,1
DA:53,4
DA:54,1
LF:23
LH:23
end_of_record
SF:lib\core\messaging\emoji.dart
DA:220,0
DA:221,0
LF:2
LH:0
end_of_record
SF:lib\core\messaging\snackbar_event.dart
DA:16,0
LF:1
LH:0
end_of_record
SF:lib\core\messaging\snackbar_event_factory.dart
DA:9,0
DA:11,0
DA:12,0
DA:14,0
DA:17,0
DA:19,0
DA:20,0
DA:21,0
DA:26,0
DA:30,0
DA:31,0
DA:32,0
DA:35,0
DA:41,0
DA:44,0
DA:45,0
DA:46,0
DA:48,0
DA:49,0
DA:52,0
DA:53,0
DA:62,0
DA:63,0
DA:65,0
DA:69,0
DA:71,0
DA:73,0
DA:75,0
DA:77,0
DA:84,0
DA:88,0
DA:89,0
DA:91,0
DA:93,0
DA:95,0
DA:98,0
DA:105,0
DA:107,0
DA:109,0
DA:111,0
DA:113,0
DA:115,0
DA:117,0
DA:119,0
DA:121,0
DA:123,0
DA:125,0
DA:127,0
DA:129,0
DA:131,0
DA:133,0
DA:135,0
LF:52
LH:0
end_of_record
SF:lib\core\messaging\snackbar_manager.dart
DA:9,0
DA:10,0
DA:11,0
DA:19,0
DA:20,0
DA:23,0
DA:25,0
DA:28,0
DA:29,0
DA:30,0
DA:31,0
DA:32,0
DA:33,0
DA:35,0
DA:36,0
DA:44,0
DA:45,0
DA:46,0
DA:49,0
DA:50,0
DA:51,0
DA:52,0
DA:56,0
DA:60,0
DA:65,0
DA:66,0
DA:69,0
DA:70,0
DA:71,0
DA:74,0
DA:75,0
DA:77,0
DA:79,0
DA:81,0
DA:82,0
DA:88,0
DA:89,0
DA:92,0
LF:38
LH:0
end_of_record
SF:lib\presentation\widgets\cast_airplay_button.dart
DA:17,4
DA:27,3
DA:29,3
DA:30,3
DA:31,3
DA:32,3
DA:33,1
DA:34,1
DA:35,3
DA:36,4
DA:37,2
DA:38,3
DA:41,4
DA:42,4
LF:14
LH:14
end_of_record
SF:lib\presentation\widgets\cover_image_widget.dart
DA:12,2
DA:18,2
DA:20,2
DA:22,6
DA:23,4
DA:25,2
DA:26,2
DA:27,2
DA:29,2
DA:30,2
DA:33,2
DA:34,4
DA:35,2
DA:38,2
DA:43,2
DA:45,6
DA:46,0
DA:47,0
DA:49,0
DA:50,0
DA:53,2
DA:54,0
DA:55,0
DA:57,0
DA:58,0
DA:61,2
DA:64,2
DA:66,2
DA:67,2
DA:68,2
DA:69,2
DA:72,6
DA:75,2
DA:76,0
DA:80,0
DA:81,0
DA:83,0
DA:84,0
DA:86,0
DA:87,0
LF:40
LH:25
end_of_record
SF:lib\presentation\widgets\sticky_info_header.dart
DA:9,2
DA:19,2
DA:20,2
DA:22,2
DA:23,2
DA:25,2
DA:31,2
DA:33,4
DA:34,2
DA:35,2
DA:36,2
DA:37,2
DA:38,2
DA:40,2
DA:43,2
DA:44,2
DA:46,2
DA:49,2
DA:50,2
DA:51,4
DA:52,2
DA:54,2
DA:55,2
DA:56,2
DA:57,2
DA:60,2
DA:61,2
DA:62,2
DA:64,2
DA:65,2
DA:66,2
DA:67,2
DA:83,6
DA:93,0
DA:95,0
DA:96,0
DA:97,0
LF:37
LH:33
end_of_record
SF:lib\presentation\widgets\bottom_player_widget.dart
DA:39,7
DA:41,4
DA:43,4
DA:44,8
DA:45,8
DA:47,8
DA:48,4
DA:49,8
DA:50,4
DA:51,4
DA:52,4
DA:53,7
DA:55,3
DA:58,3
DA:61,6
DA:62,12
DA:64,6
DA:65,3
DA:66,1
DA:67,1
DA:68,1
DA:69,2
DA:70,2
DA:75,2
DA:77,4
DA:78,1
DA:80,4
DA:81,2
DA:82,3
DA:83,2
DA:85,4
DA:86,4
DA:88,2
DA:89,4
DA:90,4
DA:91,4
DA:98,4
DA:110,4
DA:113,2
DA:121,8
DA:122,0
DA:129,4
DA:137,1
DA:138,1
DA:140,1
DA:142,1
DA:143,2
DA:144,1
DA:145,1
DA:146,1
DA:147,1
DA:153,1
DA:154,1
DA:156,1
DA:159,1
DA:161,3
DA:171,4
DA:172,4
DA:174,4
DA:176,4
DA:177,8
DA:178,4
DA:179,4
DA:180,4
DA:181,4
DA:194,2
DA:199,2
DA:201,2
DA:203,2
DA:207,2
DA:209,2
DA:211,2
DA:212,2
DA:218,0
DA:220,0
DA:221,0
DA:222,0
DA:226,0
DA:228,0
DA:235,2
DA:237,6
DA:249,4
DA:263,4
DA:265,4
DA:267,4
DA:268,8
DA:269,4
DA:270,4
DA:271,8
DA:274,4
DA:277,4
DA:278,4
DA:279,4
DA:281,4
DA:282,4
DA:283,8
DA:284,0
DA:285,0
DA:286,0
DA:287,0
DA:291,0
DA:292,0
DA:295,0
DA:301,8
DA:302,4
DA:305,4
DA:306,4
DA:307,4
DA:311,4
DA:312,4
DA:314,4
DA:315,8
DA:316,4
DA:318,4
DA:319,4
DA:320,12
DA:322,12
DA:341,4
DA:342,4
DA:344,4
DA:346,4
DA:348,4
DA:351,12
DA:353,4
DA:354,4
DA:355,4
DA:357,8
DA:358,4
DA:363,4
DA:364,1
DA:366,2
DA:369,4
DA:371,12
DA:373,8
DA:374,4
DA:376,12
DA:379,4
DA:381,12
DA:392,4
DA:393,4
DA:394,8
DA:396,9
DA:397,3
DA:399,4
DA:400,4
DA:401,4
DA:403,4
DA:405,4
DA:407,12
DA:414,4
DA:415,4
DA:417,6
DA:418,3
DA:420,4
DA:421,8
DA:422,8
DA:424,8
DA:426,12
DA:428,12
DA:435,12
DA:439,4
DA:440,6
DA:441,3
DA:442,6
DA:443,3
DA:446,6
DA:449,3
DA:452,0
DA:453,0
DA:454,0
DA:462,4
DA:464,4
DA:466,4
DA:468,12
DA:478,4
DA:480,4
DA:481,4
DA:484,4
DA:485,4
DA:486,12
DA:488,0
DA:489,0
DA:490,0
DA:491,0
DA:497,4
DA:500,4
DA:502,4
DA:506,12
DA:511,1
DA:512,2
DA:519,4
DA:522,4
DA:523,4
DA:524,12
DA:526,0
DA:527,0
DA:529,0
DA:535,1
DA:538,1
DA:539,1
DA:540,3
DA:547,4
DA:554,4
DA:555,8
DA:556,8
DA:557,4
DA:558,20
LF:207
LH:183
end_of_record
SF:lib\presentation\widgets\loading_dots.dart
DA:8,0
DA:12,0
DA:14,0
DA:15,0
DA:23,0
DA:25,0
DA:27,0
DA:29,0
DA:30,0
DA:32,0
DA:33,0
DA:34,0
DA:35,0
DA:36,0
DA:37,0
DA:38,0
DA:44,0
DA:46,0
DA:47,0
DA:50,0
DA:52,0
DA:54,0
DA:55,0
DA:57,0
DA:61,0
DA:62,0
DA:64,0
DA:65,0
DA:67,0
DA:69,0
DA:71,0
LF:31
LH:0
end_of_record
